<?xml version="1.0" encoding="utf-8"?><testsuites name="pytest tests"><testsuite name="pytest" errors="0" failures="0" skipped="0" tests="24" time="4.345" timestamp="2026-04-24T14:40:38.236998+00:00" hostname="agent-env-10204414-96b6-46cf-95c0-839cebea3e97"><testcase classname="backend.tests.test_admin_auth.TestPublicRegression" name="test_root" time="0.138" /><testcase classname="backend.tests.test_admin_auth.TestPublicRegression" name="test_simulate" time="0.113" /><testcase classname="backend.tests.test_admin_auth.TestPublicRegression" name="test_contact" time="0.365" /><testcase classname="backend.tests.test_admin_auth.TestPublicRegression" name="test_blog_list" time="0.133" /><testcase classname="backend.tests.test_admin_auth.TestPublicRegression" name="test_blog_detail_seeded" time="0.392" /><testcase classname="backend.tests.test_admin_auth.TestPublicRegression" name="test_sitemap" time="0.014" /><testcase classname="backend.tests.test_admin_auth.TestPublicRegression" name="test_robots" time="0.002" /><testcase classname="backend.tests.test_admin_auth.TestAuth" name="test_me_unauth" time="0.140" /><testcase classname="backend.tests.test_admin_auth.TestAuth" name="test_me_invalid_token" time="0.136" /><testcase classname="backend.tests.test_admin_auth.TestAuth" name="test_me_admin" time="0.128" /><testcase classname="backend.tests.test_admin_auth.TestAuth" name="test_me_non_admin" time="0.120" /><testcase classname="backend.tests.test_admin_auth.TestAdminGuards" name="test_contacts_unauth" time="0.129" /><testcase classname="backend.tests.test_admin_auth.TestAdminGuards" name="test_contacts_non_admin" time="0.107" /><testcase classname="backend.tests.test_admin_auth.TestAdminGuards" name="test_blog_list_non_admin" time="0.119" /><testcase classname="backend.tests.test_admin_auth.TestAdminGuards" name="test_contacts_admin" time="0.114" /><testcase classname="backend.tests.test_admin_auth.TestAdminGuards" name="test_blog_admin" time="0.111" /><testcase classname="backend.tests.test_admin_auth.TestAdminBlogCRUD" name="test_a_cleanup_existing" time="0.118" /><testcase classname="backend.tests.test_admin_auth.TestAdminBlogCRUD" name="test_b_create" time="0.287" /><testcase classname="backend.tests.test_admin_auth.TestAdminBlogCRUD" name="test_c_duplicate_slug_409" time="0.108" /><testcase classname="backend.tests.test_admin_auth.TestAdminBlogCRUD" name="test_d_update" time="0.249" /><testcase classname="backend.tests.test_admin_auth.TestAdminBlogCRUD" name="test_e_delete" time="0.226" /><testcase classname="backend.tests.test_admin_auth.TestAdminBlogCRUD" name="test_f_delete_missing_404" time="0.117" /><testcase classname="backend.tests.test_admin_auth.TestAdminContactDelete" name="test_delete_contact_flow" time="0.564" /><testcase classname="backend.tests.test_admin_auth.TestLogout" name="test_logout_removes_session" time="0.250" /></testsuite></testsuites>