<?xml version="1.0" encoding="utf-8"?><testsuites name="pytest tests"><testsuite name="pytest" errors="0" failures="0" skipped="0" tests="14" time="1.153" timestamp="2026-04-22T21:14:42.324023+00:00" hostname="agent-env-10204414-96b6-46cf-95c0-839cebea3e97"><testcase classname="backend.tests.test_daribnb" name="test_root_welcome" time="0.205" /><testcase classname="backend.tests.test_daribnb" name="test_simulate_matrix[marrakech-studio-0]" time="0.050" /><testcase classname="backend.tests.test_daribnb" name="test_simulate_matrix[marrakech-appartement-2]" time="0.057" /><testcase classname="backend.tests.test_daribnb" name="test_simulate_matrix[casablanca-riad-3]" time="0.048" /><testcase classname="backend.tests.test_daribnb" name="test_simulate_matrix[casablanca-villa-5]" time="0.046" /><testcase classname="backend.tests.test_daribnb" name="test_simulate_matrix[autre-studio-1]" time="0.047" /><testcase classname="backend.tests.test_daribnb" name="test_simulate_matrix[tanger-appartement-1]" time="0.052" /><testcase classname="backend.tests.test_daribnb" name="test_simulate_bedrooms_out_of_range_negative" time="0.052" /><testcase classname="backend.tests.test_daribnb" name="test_simulate_bedrooms_out_of_range_high" time="0.049" /><testcase classname="backend.tests.test_daribnb" name="test_simulate_bedrooms_boundary" time="0.098" /><testcase classname="backend.tests.test_daribnb" name="test_contact_create" time="0.053" /><testcase classname="backend.tests.test_daribnb" name="test_contact_missing_required" time="0.051" /><testcase classname="backend.tests.test_daribnb" name="test_contact_invalid_email" time="0.050" /><testcase classname="backend.tests.test_daribnb" name="test_contacts_list_no_objectid" time="0.099" /></testsuite></testsuites>